<?xml version="1.0" encoding="UTF-8"?>
<!-- Generated by org.testng.reporters.JUnitReportReporter -->
<testsuite skipped="0" hostname="DESKTOP-L64VPPA" name="com.hrm.qa.testcases.LoginPageTest" tests="2" failures="0" timestamp="2021-03-30T00:15:18 IST" time="26.506" errors="0">
  <testcase name="testTitle" time="9.605" classname="com.hrm.qa.testcases.LoginPageTest"/>
  <system-out/>
  <testcase name="testLogin" time="16.901" classname="com.hrm.qa.testcases.LoginPageTest"/>
  <system-out/>
</testsuite> <!-- com.hrm.qa.testcases.LoginPageTest -->
