<?xml version="1.0" encoding="UTF-8"?>
<!-- Generated by org.testng.reporters.JUnitReportReporter -->
<testsuite skipped="0" hostname="DESKTOP-L64VPPA" name="testNGpack.NewTest_1" tests="2" failures="0" timestamp="2021-03-24T10:34:49 IST" time="11.594" errors="0">
  <testcase name="validate_title" time="6.172" classname="testNGpack.NewTest_1"/>
  <system-out/>
  <testcase name="validate_url" time="5.422" classname="testNGpack.NewTest_1"/>
  <system-out/>
</testsuite> <!-- testNGpack.NewTest_1 -->
