<?xml version="1.0" encoding="UTF-8"?>
<!-- Generated by org.testng.reporters.JUnitReportReporter -->
<testsuite skipped="0" hostname="DESKTOP-L64VPPA" name="com.hrm.qa.testcases.PIM_PageTest" tests="3" failures="0" timestamp="2021-04-01T06:54:22 IST" time="51.871" errors="0">
  <testcase name="verifyAddEmployeeTab" time="19.981" classname="com.hrm.qa.testcases.PIM_PageTest"/>
  <system-out/>
  <testcase name="verifyAddEmployeebutton" time="15.804" classname="com.hrm.qa.testcases.PIM_PageTest"/>
  <system-out/>
  <testcase name="verifyValidations" time="16.086" classname="com.hrm.qa.testcases.PIM_PageTest"/>
  <system-out>
Error displayed Error displayed Error displayed  </system-out>
</testsuite> <!-- com.hrm.qa.testcases.PIM_PageTest -->
