<?xml version="1.0" encoding="UTF-8"?>
<!-- Generated by org.testng.reporters.JUnitReportReporter -->
<testsuite skipped="0" hostname="DESKTOP-L64VPPA" name="testNGpack.NewTest" tests="2" failures="0" timestamp="2021-03-24T10:34:49 IST" time="0.003" errors="0">
  <testcase name="secondmethod" time="0.001" classname="testNGpack.NewTest"/>
  <system-out/>
  <testcase name="firstmethod" time="0.002" classname="testNGpack.NewTest"/>
  <system-out/>
</testsuite> <!-- testNGpack.NewTest -->
